[43228 - Suricata-Main] 2025-02-24 15:54:39 Notice: suricata: This is Suricata version 7.0.8 RELEASE running in USER mode
[43228 - Suricata-Main] 2025-02-24 15:54:39 Info: cpu: CPUs/cores online: 16
[43228 - Suricata-Main] 2025-02-24 15:54:39 Info: suricata: Setting engine mode to IDS mode by default
[43228 - Suricata-Main] 2025-02-24 15:54:39 Info: exception-policy: master exception-policy set to: auto
[43228 - Suricata-Main] 2025-02-24 15:54:39 Info: logopenfile: fast output device (regular) initialized: fast.log
[43228 - Suricata-Main] 2025-02-24 15:54:39 Info: logopenfile: eve-log output device (regular) initialized: eve.json
[43228 - Suricata-Main] 2025-02-24 15:54:39 Info: logopenfile: stats output device (regular) initialized: stats.log
[43228 - Suricata-Main] 2025-02-24 15:54:44 Info: detect: 1 rule files processed. 42532 rules successfully loaded, 0 rules failed, 0
[43228 - Suricata-Main] 2025-02-24 15:54:44 Info: threshold-config: Threshold config parsed: 0 rule(s) found
[43228 - Suricata-Main] 2025-02-24 15:54:44 Info: detect: 42535 signatures processed. 1165 are IP-only rules, 4311 are inspecting packet payload, 36843 inspect application layer, 108 are decoder event only
[43273 - RX#01] 2025-02-24 15:54:57 Info: pcap: Starting file run for ../datasets/TII-SSRC-23/pcap/malicious/bruteforce/bruteforce_dns.pcap
[43228 - Suricata-Main] 2025-02-24 15:54:57 Notice: threads: Threads created -> RX: 1 W: 16 FM: 1 FR: 1   Engine started.
[43273 - RX#01] 2025-02-24 15:54:57 Info: checksum: No packets with invalid checksum, assuming checksum offloading is NOT used
[43273 - RX#01] 2025-02-24 15:54:57 Info: pcap: pcap file ../datasets/TII-SSRC-23/pcap/malicious/bruteforce/bruteforce_dns.pcap end of file reached (pcap err code 0)
[43228 - Suricata-Main] 2025-02-24 15:54:57 Notice: suricata: Signal Received.  Stopping engine.
[43228 - Suricata-Main] 2025-02-24 15:54:57 Info: suricata: time elapsed 1.041s
[43273 - RX#01] 2025-02-24 15:54:58 Notice: pcap: read 1 file, 53996 packets, 4760397 bytes
[43228 - Suricata-Main] 2025-02-24 15:54:58 Info: counters: Alerts: 2
[44657 - Suricata-Main] 2025-02-24 16:07:29 Notice: suricata: This is Suricata version 7.0.8 RELEASE running in USER mode
[44657 - Suricata-Main] 2025-02-24 16:07:29 Info: cpu: CPUs/cores online: 16
[44657 - Suricata-Main] 2025-02-24 16:07:29 Info: suricata: Setting engine mode to IDS mode by default
[44657 - Suricata-Main] 2025-02-24 16:07:29 Info: exception-policy: master exception-policy set to: auto
[44657 - Suricata-Main] 2025-02-24 16:07:29 Info: logopenfile: fast output device (regular) initialized: fast.log
[44657 - Suricata-Main] 2025-02-24 16:07:29 Info: logopenfile: eve-log output device (regular) initialized: eve.json
[44657 - Suricata-Main] 2025-02-24 16:07:29 Info: logopenfile: stats output device (regular) initialized: stats.log
[44657 - Suricata-Main] 2025-02-24 16:07:34 Info: detect: 1 rule files processed. 42532 rules successfully loaded, 0 rules failed, 0
[44657 - Suricata-Main] 2025-02-24 16:07:34 Info: threshold-config: Threshold config parsed: 0 rule(s) found
[44657 - Suricata-Main] 2025-02-24 16:07:34 Info: detect: 42535 signatures processed. 1165 are IP-only rules, 4311 are inspecting packet payload, 36843 inspect application layer, 108 are decoder event only
[44690 - RX#01] 2025-02-24 16:07:46 Info: pcap: Starting file run for ../datasets/TII-SSRC-23/pcap/malicious/bruteforce/bruteforce_http.pcap
[44657 - Suricata-Main] 2025-02-24 16:07:46 Notice: threads: Threads created -> RX: 1 W: 16 FM: 1 FR: 1   Engine started.
[44690 - RX#01] 2025-02-24 16:07:46 Info: checksum: No packets with invalid checksum, assuming checksum offloading is NOT used
[44690 - RX#01] 2025-02-24 16:07:48 Info: pcap: pcap file ../datasets/TII-SSRC-23/pcap/malicious/bruteforce/bruteforce_http.pcap end of file reached (pcap err code 0)
[44657 - Suricata-Main] 2025-02-24 16:07:48 Notice: suricata: Signal Received.  Stopping engine.
[44657 - Suricata-Main] 2025-02-24 16:07:48 Info: suricata: time elapsed 2.297s
[44690 - RX#01] 2025-02-24 16:07:49 Notice: pcap: read 1 file, 859051 packets, 593087058 bytes
[44657 - Suricata-Main] 2025-02-24 16:07:49 Info: counters: Alerts: 257
[44871 - Suricata-Main] 2025-02-24 16:08:47 Notice: suricata: This is Suricata version 7.0.8 RELEASE running in USER mode
[44871 - Suricata-Main] 2025-02-24 16:08:47 Info: cpu: CPUs/cores online: 16
[44871 - Suricata-Main] 2025-02-24 16:08:47 Info: suricata: Setting engine mode to IDS mode by default
[44871 - Suricata-Main] 2025-02-24 16:08:47 Info: exception-policy: master exception-policy set to: auto
[44871 - Suricata-Main] 2025-02-24 16:08:47 Info: logopenfile: fast output device (regular) initialized: fast.log
[44871 - Suricata-Main] 2025-02-24 16:08:47 Info: logopenfile: eve-log output device (regular) initialized: eve.json
[44871 - Suricata-Main] 2025-02-24 16:08:47 Info: logopenfile: stats output device (regular) initialized: stats.log
[44871 - Suricata-Main] 2025-02-24 16:08:52 Info: detect: 1 rule files processed. 42532 rules successfully loaded, 0 rules failed, 0
[44871 - Suricata-Main] 2025-02-24 16:08:52 Info: threshold-config: Threshold config parsed: 0 rule(s) found
[44871 - Suricata-Main] 2025-02-24 16:08:52 Info: detect: 42535 signatures processed. 1165 are IP-only rules, 4311 are inspecting packet payload, 36843 inspect application layer, 108 are decoder event only
[44950 - RX#01] 2025-02-24 16:09:04 Info: pcap: Starting file run for ../datasets/TII-SSRC-23/pcap/malicious/bruteforce/bruteforce_http.pcap
[44871 - Suricata-Main] 2025-02-24 16:09:04 Notice: threads: Threads created -> RX: 1 W: 16 FM: 1 FR: 1   Engine started.
[44950 - RX#01] 2025-02-24 16:09:04 Info: checksum: No packets with invalid checksum, assuming checksum offloading is NOT used
[44950 - RX#01] 2025-02-24 16:09:06 Info: pcap: pcap file ../datasets/TII-SSRC-23/pcap/malicious/bruteforce/bruteforce_http.pcap end of file reached (pcap err code 0)
[44871 - Suricata-Main] 2025-02-24 16:09:06 Notice: suricata: Signal Received.  Stopping engine.
[44871 - Suricata-Main] 2025-02-24 16:09:06 Info: suricata: time elapsed 2.133s
[44950 - RX#01] 2025-02-24 16:09:06 Notice: pcap: read 1 file, 859051 packets, 593087058 bytes
[44871 - Suricata-Main] 2025-02-24 16:09:06 Info: counters: Alerts: 257
