--------------------------------------------------
o")~   Snort++ 3.7.0.0
--------------------------------------------------
Loading ../etc/snort/snort.lua:
Loading snort_defaults.lua:
Finished snort_defaults.lua:
	binder
	references
	classifications
	alert_csv
	ftp_client
	wizard
	appid
	js_norm
	file_policy
	file_id
	http2_inspect
	http_inspect
	ftp_data
	ips
	ftp_server
	smtp
	port_scan
	gtp_inspect
	dce_http_proxy
	decode
	s7commplus
	iec104
	output
	ssl
	sip
	pop
	stream_tcp
	stream_icmp
	active
	alerts
	daq
	host_cache
	host_tracker
	hosts
	network
	packets
	process
	search_engine
	so_proxy
	stream
	stream_ip
	stream_udp
	stream_user
	stream_file
	arp_spoof
	back_orifice
	dns
	imap
	netflow
	normalizer
	rpc_decode
	ssh
	telnet
	cip
	dnp3
	mms
	modbus
	dce_smb
	dce_tcp
	dce_udp
	trace
	dce_http_server
Finished ../etc/snort/snort.lua:
Loading file_id.rules_file:
Loading file_magic.rules:
Finished file_magic.rules:
Finished file_id.rules_file:
Loading ips.rules:
Loading ./rules/rules/includes.rules:
Loading snort3-app-detect.rules:
Finished snort3-app-detect.rules:
Loading snort3-browser-chrome.rules:
Finished snort3-browser-chrome.rules:
Loading snort3-browser-firefox.rules:
Finished snort3-browser-firefox.rules:
Loading snort3-browser-ie.rules:
Finished snort3-browser-ie.rules:
Loading snort3-browser-other.rules:
Finished snort3-browser-other.rules:
Loading snort3-browser-plugins.rules:
Finished snort3-browser-plugins.rules:
Loading snort3-browser-webkit.rules:
Finished snort3-browser-webkit.rules:
Loading snort3-content-replace.rules:
Finished snort3-content-replace.rules:
Loading snort3-exploit-kit.rules:
Finished snort3-exploit-kit.rules:
Loading snort3-file-executable.rules:
Finished snort3-file-executable.rules:
Loading snort3-file-flash.rules:
Finished snort3-file-flash.rules:
Loading snort3-file-identify.rules:
Finished snort3-file-identify.rules:
Loading snort3-file-image.rules:
Finished snort3-file-image.rules:
Loading snort3-file-java.rules:
Finished snort3-file-java.rules:
Loading snort3-file-multimedia.rules:
Finished snort3-file-multimedia.rules:
Loading snort3-file-office.rules:
Finished snort3-file-office.rules:
Loading snort3-file-other.rules:
Finished snort3-file-other.rules:
Loading snort3-file-pdf.rules:
Finished snort3-file-pdf.rules:
Loading snort3-indicator-compromise.rules:
Finished snort3-indicator-compromise.rules:
Loading snort3-indicator-obfuscation.rules:
Finished snort3-indicator-obfuscation.rules:
Loading snort3-indicator-scan.rules:
Finished snort3-indicator-scan.rules:
Loading snort3-indicator-shellcode.rules:
Finished snort3-indicator-shellcode.rules:
Loading snort3-malware-backdoor.rules:
Finished snort3-malware-backdoor.rules:
Loading snort3-malware-cnc.rules:
Finished snort3-malware-cnc.rules:
Loading snort3-malware-other.rules:
Finished snort3-malware-other.rules:
Loading snort3-malware-tools.rules:
Finished snort3-malware-tools.rules:
Loading snort3-netbios.rules:
Finished snort3-netbios.rules:
Loading snort3-os-linux.rules:
Finished snort3-os-linux.rules:
Loading snort3-os-mobile.rules:
Finished snort3-os-mobile.rules:
Loading snort3-os-other.rules:
Finished snort3-os-other.rules:
Loading snort3-os-solaris.rules:
Finished snort3-os-solaris.rules:
Loading snort3-os-windows.rules:
Finished snort3-os-windows.rules:
Loading snort3-policy-multimedia.rules:
Finished snort3-policy-multimedia.rules:
Loading snort3-policy-other.rules:
Finished snort3-policy-other.rules:
Loading snort3-policy-social.rules:
Finished snort3-policy-social.rules:
Loading snort3-policy-spam.rules:
Finished snort3-policy-spam.rules:
Loading snort3-protocol-dns.rules:
Finished snort3-protocol-dns.rules:
Loading snort3-protocol-finger.rules:
Finished snort3-protocol-finger.rules:
Loading snort3-protocol-ftp.rules:
Finished snort3-protocol-ftp.rules:
Loading snort3-protocol-icmp.rules:
Finished snort3-protocol-icmp.rules:
Loading snort3-protocol-imap.rules:
Finished snort3-protocol-imap.rules:
Loading snort3-protocol-nntp.rules:
Finished snort3-protocol-nntp.rules:
Loading snort3-protocol-other.rules:
Finished snort3-protocol-other.rules:
Loading snort3-protocol-pop.rules:
Finished snort3-protocol-pop.rules:
Loading snort3-protocol-rpc.rules:
Finished snort3-protocol-rpc.rules:
Loading snort3-protocol-scada.rules:
Finished snort3-protocol-scada.rules:
Loading snort3-protocol-services.rules:
Finished snort3-protocol-services.rules:
Loading snort3-protocol-snmp.rules:
Finished snort3-protocol-snmp.rules:
Loading snort3-protocol-telnet.rules:
Finished snort3-protocol-telnet.rules:
Loading snort3-protocol-tftp.rules:
Finished snort3-protocol-tftp.rules:
Loading snort3-protocol-voip.rules:
Finished snort3-protocol-voip.rules:
Loading snort3-pua-adware.rules:
Finished snort3-pua-adware.rules:
Loading snort3-pua-other.rules:
Finished snort3-pua-other.rules:
Loading snort3-pua-p2p.rules:
Finished snort3-pua-p2p.rules:
Loading snort3-pua-toolbars.rules:
Finished snort3-pua-toolbars.rules:
Loading snort3-server-apache.rules:
Finished snort3-server-apache.rules:
Loading snort3-server-iis.rules:
Finished snort3-server-iis.rules:
Loading snort3-server-mail.rules:
Finished snort3-server-mail.rules:
Loading snort3-server-mssql.rules:
Finished snort3-server-mssql.rules:
Loading snort3-server-mysql.rules:
Finished snort3-server-mysql.rules:
Loading snort3-server-oracle.rules:
Finished snort3-server-oracle.rules:
Loading snort3-server-other.rules:
Finished snort3-server-other.rules:
Loading snort3-server-samba.rules:
Finished snort3-server-samba.rules:
Loading snort3-server-webapp.rules:
Finished snort3-server-webapp.rules:
Loading snort3-sql.rules:
Finished snort3-sql.rules:
Loading snort3-x11.rules:
Finished snort3-x11.rules:
Finished ./rules/rules/includes.rules:
Finished ips.rules:
--------------------------------------------------
pcre counts
               pcre_rules: 12059
              pcre_native: 12059
--------------------------------------------------
ips policies rule stats
              id  loaded  shared enabled    file
               0   46459       0   46459    ../etc/snort/snort.lua
--------------------------------------------------
rule counts
       total rules loaded: 46459
               text rules: 46459
            option chains: 46459
            chain headers: 1559
                 flowbits: 714
     flowbits not checked: 68
--------------------------------------------------
port rule counts
             tcp     udp    icmp      ip
     any    1830     393     472     300
     src    1241     158       0       0
     dst    5322    1006       0       0
    both     110      54       0       0
   total    8503    1611     472     300
--------------------------------------------------
service rule counts          to-srv  to-cli
                      bgp:        5       1
                   dcerpc:     1541    1002
                     dhcp:       37      10
                     dnp3:        0       6
                      dns:      276     118
                     drda:        5       0
                     file:      880     891
                  file_id:      219     219
                      ftp:      197      24
                 ftp-data:      964   10880
                   gopher:        0       1
                     http:    15313   14331
                    http2:    15313   14331
                    http3:    15313   14331
                    ident:        1       0
                     igmp:        1       1
                     imap:     1012   11134
                      ipp:        0       1
                      irc:       40      14
                     ircd:        9       3
                 java_rmi:       55       3
                 kerberos:       34       6
                     ldap:       48       9
                      ldp:        1       0
                   modbus:       34      10
                    mysql:       67       7
              netbios-dgm:       11      11
               netbios-ns:       15       5
              netbios-ssn:     1430     983
                  netware:        2       0
                     nntp:        2       2
                      ntp:       36       7
                  openvpn:       16      16
                     pop3:      970   11137
               postgresql:       10       0
                  printer:        6       1
                   radius:        3       2
                      rdp:       10      20
                     rtmp:        1       4
                      rtp:        1       1
                     rtsp:       17       2
                      sip:      338      44
                     smtp:    10049     918
                     snmp:       49      10
                     ssdp:       13       0
                      ssh:       12       5
                      ssl:      209     223
                   sunrpc:      130       9
                   syslog:        4       0
                 teamview:        1       2
                   telnet:       61      15
                     tftp:       11       6
                      vnc:        1       1
               vnc-server:       12      10
                     wins:        3       0
                    total:    64788   80767
--------------------------------------------------
fast pattern groups
                      src: 510
                      dst: 1635
                      any: 8
                to_server: 131
                to_client: 100
--------------------------------------------------
search engine (ac_bnfa)
                instances: 1308
                 patterns: 161770
            pattern chars: 3994585
               num states: 3072380
         num match states: 428844
             memory scale: MB
             total memory: 98.5583
           pattern memory: 9.97932
        match list memory: 52.0181
        transition memory: 36.4012
        fast pattern only: 106580
appid: MaxRss diff: 384
appid: patterns loaded: 300
--------------------------------------------------
pcap DAQ configured to read-file.
Commencing packet processing
++ [0] ../../datasets/TII-SSRC-23/pcap/bruteforce_http.pcap
-- [0] ../../datasets/TII-SSRC-23/pcap/bruteforce_http.pcap
--------------------------------------------------
Packet Statistics
--------------------------------------------------
daq
                    pcaps: 1
                 received: 859051
                 analyzed: 859051
                    allow: 859051
                 rx_bytes: 593087058
--------------------------------------------------
codec
                    total: 859051      	(100.000%)
                      eth: 859051      	(100.000%)
                     ipv4: 859051      	(100.000%)
                      tcp: 859051      	(100.000%)
--------------------------------------------------
Module Statistics
--------------------------------------------------
ac_bnfa
                 searches: 637268
                  matches: 145204972
                    bytes: 2074818068
--------------------------------------------------
ac_full
                 searches: 142575
                  matches: 1816
                    bytes: 2210838
--------------------------------------------------
appid
                  packets: 859051
        processed_packets: 859042
          ignored_packets: 9
           total_sessions: 332
       service_cache_adds: 1
             bytes_in_use: 168
             items_in_use: 1
--------------------------------------------------
binder
              raw_packets: 9
                new_flows: 332
          service_changes: 331
                 inspects: 341
--------------------------------------------------
detection
                 analyzed: 859051
               hard_evals: 1492155
             raw_searches: 5911
          cooked_searches: 141742
             pkt_searches: 147653
             pdu_searches: 395155
            file_searches: 94460
                   alerts: 63646
             total_alerts: 63646
                   logged: 63646
                buf_dumps: 95470
--------------------------------------------------
file_id
              total_files: 47230
          total_file_data: 47350529
     max_concurrent_files: 1
--------------------------------------------------
http_inspect
                    flows: 331
                    scans: 592094
              reassembles: 592094
              inspections: 206164
                 requests: 31801
                responses: 31779
             get_requests: 16350
            post_requests: 15451
           request_bodies: 15451
                  chunked: 31779
       uri_normalizations: 7246
               uri_coding: 14
  max_concurrent_sessions: 21
              total_bytes: 528361742
--------------------------------------------------
ips_actions
                    alert: 63646
--------------------------------------------------
normalizer
        test_tcp_trim_win: 1733
           test_tcp_block: 15
--------------------------------------------------
pcre
         pcre_match_limit: 31777
--------------------------------------------------
port_scan
                  packets: 859051
                 trackers: 4
--------------------------------------------------
search_engine
               max_queued: 4524
            total_flushed: 9012244
            total_inserts: 145204972
             total_unique: 9012244
     non_qualified_events: 10440386
         qualified_events: 63669
--------------------------------------------------
stream
                    flows: 332
             total_prunes: 21
idle_prunes_proto_timeout: 21
       tcp_timeout_prunes: 21
--------------------------------------------------
stream_tcp
                 sessions: 332
                      max: 332
                  created: 332
                 released: 332
             instantiated: 332
                   setups: 332
                 restarts: 331
         discards_skipped: 15
          invalid_seq_num: 1733
                   events: 15
             syn_trackers: 331
            data_trackers: 1
              segs_queued: 449705
            segs_released: 449705
                segs_used: 449510
          rebuilt_packets: 206164
            rebuilt_bytes: 529156314
                     gaps: 96
          client_cleanups: 5
                     syns: 332
                 syn_acks: 333
                   resets: 1
                     fins: 582
                 max_segs: 14
                max_bytes: 16499
--------------------------------------------------
wizard
                tcp_scans: 331
                 tcp_hits: 331
--------------------------------------------------
Appid Statistics
--------------------------------------------------
detected apps and services
              Application: Services   Clients    Users      Payloads   Misc       Referred  
                  unknown: 333        0          0          331        0          0         
--------------------------------------------------
Summary Statistics
--------------------------------------------------
timing
                  runtime: 00:01:01
                  seconds: 61.538734
                 pkts/sec: 13960
                Mbits/sec: 77
o")~   Snort exiting
