--------------------------------------------------
o")~   Snort++ 3.7.0.0
--------------------------------------------------
Loading ../../config/snort3/snort.lua:
Loading snort_defaults.lua:
Finished snort_defaults.lua:
	trace
	ips
	file_id
	alert_csv
	classifications
	references
	binder
	wizard
	appid
	js_norm
	file_policy
	http2_inspect
	http_inspect
	ftp_data
	ftp_client
	ftp_server
	smtp
	port_scan
	modbus
	active
	alerts
	daq
	decode
	host_cache
	host_tracker
	hosts
	network
	packets
	process
	search_engine
	so_proxy
	dce_http_server
	dce_smb
	dce_udp
	stream
	stream_ip
	stream_icmp
	stream_tcp
	stream_udp
	stream_user
	stream_file
	arp_spoof
	back_orifice
	dns
	imap
	rpc_decode
	sip
	ssh
	telnet
	cip
	dnp3
	iec104
	mms
	s7commplus
	dce_tcp
	dce_http_proxy
	gtp_inspect
	ssl
	pop
	normalizer
	netflow
	output
Finished ../../config/snort3/snort.lua:
Loading file_id.rules_file:
Loading file_magic.rules:
Finished file_magic.rules:
Finished file_id.rules_file:
Loading ips.rules:
Loading ./rules/rules/includes.rules:
Loading snort3-app-detect.rules:
Finished snort3-app-detect.rules:
Loading snort3-browser-chrome.rules:
Finished snort3-browser-chrome.rules:
Loading snort3-browser-firefox.rules:
Finished snort3-browser-firefox.rules:
Loading snort3-browser-ie.rules:
Finished snort3-browser-ie.rules:
Loading snort3-browser-other.rules:
Finished snort3-browser-other.rules:
Loading snort3-browser-plugins.rules:
Finished snort3-browser-plugins.rules:
Loading snort3-browser-webkit.rules:
Finished snort3-browser-webkit.rules:
Loading snort3-content-replace.rules:
Finished snort3-content-replace.rules:
Loading snort3-exploit-kit.rules:
Finished snort3-exploit-kit.rules:
Loading snort3-file-executable.rules:
Finished snort3-file-executable.rules:
Loading snort3-file-flash.rules:
Finished snort3-file-flash.rules:
Loading snort3-file-identify.rules:
Finished snort3-file-identify.rules:
Loading snort3-file-image.rules:
Finished snort3-file-image.rules:
Loading snort3-file-java.rules:
Finished snort3-file-java.rules:
Loading snort3-file-multimedia.rules:
Finished snort3-file-multimedia.rules:
Loading snort3-file-office.rules:
Finished snort3-file-office.rules:
Loading snort3-file-other.rules:
Finished snort3-file-other.rules:
Loading snort3-file-pdf.rules:
Finished snort3-file-pdf.rules:
Loading snort3-indicator-compromise.rules:
Finished snort3-indicator-compromise.rules:
Loading snort3-indicator-obfuscation.rules:
Finished snort3-indicator-obfuscation.rules:
Loading snort3-indicator-scan.rules:
Finished snort3-indicator-scan.rules:
Loading snort3-indicator-shellcode.rules:
Finished snort3-indicator-shellcode.rules:
Loading snort3-malware-backdoor.rules:
Finished snort3-malware-backdoor.rules:
Loading snort3-malware-cnc.rules:
Finished snort3-malware-cnc.rules:
Loading snort3-malware-other.rules:
Finished snort3-malware-other.rules:
Loading snort3-malware-tools.rules:
Finished snort3-malware-tools.rules:
Loading snort3-netbios.rules:
Finished snort3-netbios.rules:
Loading snort3-os-linux.rules:
Finished snort3-os-linux.rules:
Loading snort3-os-mobile.rules:
Finished snort3-os-mobile.rules:
Loading snort3-os-other.rules:
Finished snort3-os-other.rules:
Loading snort3-os-solaris.rules:
Finished snort3-os-solaris.rules:
Loading snort3-os-windows.rules:
Finished snort3-os-windows.rules:
Loading snort3-policy-multimedia.rules:
Finished snort3-policy-multimedia.rules:
Loading snort3-policy-other.rules:
Finished snort3-policy-other.rules:
Loading snort3-policy-social.rules:
Finished snort3-policy-social.rules:
Loading snort3-policy-spam.rules:
Finished snort3-policy-spam.rules:
Loading snort3-protocol-dns.rules:
Finished snort3-protocol-dns.rules:
Loading snort3-protocol-finger.rules:
Finished snort3-protocol-finger.rules:
Loading snort3-protocol-ftp.rules:
Finished snort3-protocol-ftp.rules:
Loading snort3-protocol-icmp.rules:
Finished snort3-protocol-icmp.rules:
Loading snort3-protocol-imap.rules:
Finished snort3-protocol-imap.rules:
Loading snort3-protocol-nntp.rules:
Finished snort3-protocol-nntp.rules:
Loading snort3-protocol-other.rules:
Finished snort3-protocol-other.rules:
Loading snort3-protocol-pop.rules:
Finished snort3-protocol-pop.rules:
Loading snort3-protocol-rpc.rules:
Finished snort3-protocol-rpc.rules:
Loading snort3-protocol-scada.rules:
Finished snort3-protocol-scada.rules:
Loading snort3-protocol-services.rules:
Finished snort3-protocol-services.rules:
Loading snort3-protocol-snmp.rules:
Finished snort3-protocol-snmp.rules:
Loading snort3-protocol-telnet.rules:
Finished snort3-protocol-telnet.rules:
Loading snort3-protocol-tftp.rules:
Finished snort3-protocol-tftp.rules:
Loading snort3-protocol-voip.rules:
Finished snort3-protocol-voip.rules:
Loading snort3-pua-adware.rules:
Finished snort3-pua-adware.rules:
Loading snort3-pua-other.rules:
Finished snort3-pua-other.rules:
Loading snort3-pua-p2p.rules:
Finished snort3-pua-p2p.rules:
Loading snort3-pua-toolbars.rules:
Finished snort3-pua-toolbars.rules:
Loading snort3-server-apache.rules:
Finished snort3-server-apache.rules:
Loading snort3-server-iis.rules:
Finished snort3-server-iis.rules:
Loading snort3-server-mail.rules:
Finished snort3-server-mail.rules:
Loading snort3-server-mssql.rules:
Finished snort3-server-mssql.rules:
Loading snort3-server-mysql.rules:
Finished snort3-server-mysql.rules:
Loading snort3-server-oracle.rules:
Finished snort3-server-oracle.rules:
Loading snort3-server-other.rules:
Finished snort3-server-other.rules:
Loading snort3-server-samba.rules:
Finished snort3-server-samba.rules:
Loading snort3-server-webapp.rules:
Finished snort3-server-webapp.rules:
Loading snort3-sql.rules:
Finished snort3-sql.rules:
Loading snort3-x11.rules:
Finished snort3-x11.rules:
Finished ./rules/rules/includes.rules:
Finished ips.rules:
--------------------------------------------------
pcre counts
               pcre_rules: 12059
              pcre_native: 12059
--------------------------------------------------
ips policies rule stats
              id  loaded  shared enabled    file
               0   46459       0   46459    ../../config/snort3/snort.lua
--------------------------------------------------
rule counts
       total rules loaded: 46459
               text rules: 46459
            option chains: 46459
            chain headers: 1559
                 flowbits: 714
     flowbits not checked: 68
--------------------------------------------------
port rule counts
             tcp     udp    icmp      ip
     any    1830     393     472     300
     src    1241     158       0       0
     dst    5322    1006       0       0
    both     110      54       0       0
   total    8503    1611     472     300
--------------------------------------------------
service rule counts          to-srv  to-cli
                      bgp:        5       1
                   dcerpc:     1541    1002
                     dhcp:       37      10
                     dnp3:        0       6
                      dns:      276     118
                     drda:        5       0
                     file:      880     891
                  file_id:      219     219
                      ftp:      197      24
                 ftp-data:      964   10880
                   gopher:        0       1
                     http:    15313   14331
                    http2:    15313   14331
                    http3:    15313   14331
                    ident:        1       0
                     igmp:        1       1
                     imap:     1012   11134
                      ipp:        0       1
                      irc:       40      14
                     ircd:        9       3
                 java_rmi:       55       3
                 kerberos:       34       6
                     ldap:       48       9
                      ldp:        1       0
                   modbus:       34      10
                    mysql:       67       7
              netbios-dgm:       11      11
               netbios-ns:       15       5
              netbios-ssn:     1430     983
                  netware:        2       0
                     nntp:        2       2
                      ntp:       36       7
                  openvpn:       16      16
                     pop3:      970   11137
               postgresql:       10       0
                  printer:        6       1
                   radius:        3       2
                      rdp:       10      20
                     rtmp:        1       4
                      rtp:        1       1
                     rtsp:       17       2
                      sip:      338      44
                     smtp:    10049     918
                     snmp:       49      10
                     ssdp:       13       0
                      ssh:       12       5
                      ssl:      209     223
                   sunrpc:      130       9
                   syslog:        4       0
                 teamview:        1       2
                   telnet:       61      15
                     tftp:       11       6
                      vnc:        1       1
               vnc-server:       12      10
                     wins:        3       0
                    total:    64788   80767
--------------------------------------------------
fast pattern groups
                      src: 510
                      dst: 1635
                      any: 8
                to_server: 131
                to_client: 100
--------------------------------------------------
search engine (ac_bnfa)
                instances: 1308
                 patterns: 161770
            pattern chars: 3994585
               num states: 3072380
         num match states: 428844
             memory scale: MB
             total memory: 98.5583
           pattern memory: 9.97932
        match list memory: 52.0181
        transition memory: 36.4012
        fast pattern only: 106592
appid: MaxRss diff: 276
appid: patterns loaded: 300
--------------------------------------------------
pcap DAQ configured to read-file.
Commencing packet processing
++ [0] ../datasets/UNSW-NB15/pcap/1.pcap
-- [0] ../datasets/UNSW-NB15/pcap/1.pcap
--------------------------------------------------
Packet Statistics
--------------------------------------------------
daq
                    pcaps: 1
                 received: 1800680
                 analyzed: 1800680
                    allow: 1800014
                whitelist: 666
                 rx_bytes: 967588583
           expected_flows: 70
--------------------------------------------------
codec
                    total: 1800680     	(100.000%)
                    other: 258         	(  0.014%)
                 discards: 3           	(  0.000%)
                      arp: 254         	(  0.014%)
                      eth: 1800680     	(100.000%)
                    icmp4: 69          	(  0.004%)
                 icmp4_ip: 67          	(  0.004%)
                     igmp: 2           	(  0.000%)
                     ipv4: 1800426     	( 99.986%)
                      tcp: 1772972     	( 98.461%)
                      udp: 27120       	(  1.506%)
--------------------------------------------------
Module Statistics
--------------------------------------------------
ac_bnfa
                 searches: 1056625
                  matches: 40862587
                    bytes: 1556716031
--------------------------------------------------
ac_full
                 searches: 111765
                  matches: 310288
                    bytes: 6731093
--------------------------------------------------
active
            holds_allowed: 1
--------------------------------------------------
appid
                  packets: 1800425
        processed_packets: 1782738
          ignored_packets: 17687
           total_sessions: 27176
       service_cache_adds: 9503
    service_cache_removes: 3262
             bytes_in_use: 1048488
             items_in_use: 6241
--------------------------------------------------
arp_spoof
                  packets: 254
--------------------------------------------------
back_orifice
                  packets: 27096
--------------------------------------------------
binder
              raw_packets: 17942
                new_flows: 26694
          service_changes: 5257
                 inspects: 44636
--------------------------------------------------
dce_smb
               cache_adds: 359
                   events: 1
                     pdus: 38
                    binds: 7
                bind_acks: 7
                 requests: 16
                responses: 5
        request_fragments: 6
 client_max_fragment_size: 4000
 client_min_fragment_size: 1284
  client_segs_reassembled: 4
 client_frags_reassembled: 2
                 sessions: 360
                  packets: 1259
            ignored_bytes: 270145
 max_outstanding_requests: 1
  max_concurrent_sessions: 4
      total_smb1_sessions: 360
--------------------------------------------------
dce_tcp
                     pdus: 5
                    binds: 1
                bind_acks: 1
                 requests: 2
                responses: 1
             tcp_sessions: 1
              tcp_packets: 5
  max_concurrent_sessions: 1
--------------------------------------------------
detection
                 analyzed: 1800680
               hard_evals: 2617474
             raw_searches: 591395
          cooked_searches: 401385
             pkt_searches: 992780
             alt_searches: 3
             pdu_searches: 45501
            file_searches: 18341
                   alerts: 25211
             total_alerts: 25211
                   logged: 25211
              match_limit: 5425
              alert_limit: 7133
           cont_creations: 15856
               cont_flows: 1541
               cont_evals: 12166
             cont_matches: 4
          cont_mismatches: 12162
             cont_max_num: 32
   cont_mismatch_distance: 246681
                buf_dumps: 2313
--------------------------------------------------
dns
                  packets: 11070
                 requests: 7386
                responses: 3684
  max_concurrent_sessions: 1
--------------------------------------------------
file_id
              total_files: 5608
          total_file_data: 16374988
     max_concurrent_files: 1
--------------------------------------------------
ftp_data
                  packets: 18
--------------------------------------------------
ftp_server
            total_packets: 634
              total_bytes: 62057
  max_concurrent_sessions: 22
     ssl_search_abandoned: 80
 pkt_segment_size_changed: 13
flow_segment_size_changed: 13
--------------------------------------------------
http_inspect
                    flows: 2541
                    scans: 98172
              reassembles: 97906
              inspections: 25146
                 requests: 4038
                responses: 3685
             get_requests: 3984
            post_requests: 35
             put_requests: 2
         options_requests: 5
           other_requests: 12
           request_bodies: 130
                  chunked: 5
       uri_normalizations: 636
                 uri_path: 21
               uri_coding: 513
  max_concurrent_sessions: 38
      partial_inspections: 1
               parameters: 1
          pipelined_flows: 1
       pipelined_requests: 120
              total_bytes: 106807657
--------------------------------------------------
imap
                  packets: 23254
                 sessions: 466
  max_concurrent_sessions: 16
     ssl_search_abandoned: 462
          b64_attachments: 20
        b64_decoded_bytes: 638052
           qp_attachments: 13
         qp_decoded_bytes: 241767
  non_encoded_attachments: 33
        non_encoded_bytes: 2066
--------------------------------------------------
ips_actions
                    alert: 23547
                  file_id: 177
                  rewrite: 1664
--------------------------------------------------
modbus
                 sessions: 1
                   frames: 1
  max_concurrent_sessions: 1
--------------------------------------------------
normalizer
        test_tcp_trim_win: 896
           test_tcp_block: 120
--------------------------------------------------
pcre
         pcre_match_limit: 31
--------------------------------------------------
pop
                  packets: 1448
              total_bytes: 12982198
                 sessions: 49
  max_concurrent_sessions: 2
     ssl_search_abandoned: 45
          b64_attachments: 27
        b64_decoded_bytes: 7013711
           qp_attachments: 18
         qp_decoded_bytes: 1456912
  non_encoded_attachments: 44
        non_encoded_bytes: 3174
--------------------------------------------------
port_scan
                  packets: 1800425
                 trackers: 143
--------------------------------------------------
rpc_decode
            total_packets: 79
  max_concurrent_sessions: 2
--------------------------------------------------
search_engine
               max_queued: 29075
            total_flushed: 6693920
            total_inserts: 40862587
             total_unique: 6693920
     non_qualified_events: 9263572
         qualified_events: 44913
--------------------------------------------------
sip
                  packets: 20
                 sessions: 10
  max_concurrent_sessions: 4
                  dialogs: 9
           total_requests: 18
                   invite: 8
                      bye: 2
                 register: 6
                  options: 2
--------------------------------------------------
smtp
                  packets: 26993
              total_bytes: 19446057
                 sessions: 826
  max_concurrent_sessions: 24
     ssl_search_abandoned: 824
          b64_attachments: 55
        b64_decoded_bytes: 3741604
           qp_attachments: 13
         qp_decoded_bytes: 222149
           uu_attachments: 12
         uu_decoded_bytes: 300864
  non_encoded_attachments: 1552
        non_encoded_bytes: 12299892
--------------------------------------------------
ssh
                  packets: 10236
              total_bytes: 3375901
  max_concurrent_sessions: 20
--------------------------------------------------
ssl
                  packets: 30
                  decoded: 30
             client_hello: 6
             server_hello: 6
              certificate: 4
              server_done: 13
      client_key_exchange: 3
            change_cipher: 9
       client_application: 3
       server_application: 1
                    alert: 1
     unrecognized_records: 7
     handshakes_completed: 1
         sessions_ignored: 1
       detection_disabled: 1
  max_concurrent_sessions: 1
--------------------------------------------------
stream
                    flows: 26694
             total_prunes: 4143
idle_prunes_proto_timeout: 4143
           expected_flows: 344
        expected_realized: 15
       expected_overflows: 159
        ip_timeout_prunes: 5
       udp_timeout_prunes: 4137
      icmp_timeout_prunes: 1
--------------------------------------------------
stream_icmp
                 sessions: 2
                      max: 2
                  created: 2
                 released: 2
--------------------------------------------------
stream_ip
                 sessions: 9
                      max: 9
                  created: 9
                 released: 9
              total_bytes: 16642
              total_frags: 4
                 overlaps: 2
                anomalies: 2
                   alerts: 2
           trackers_added: 2
           trackers_freed: 2
         trackers_cleared: 2
           nodes_inserted: 4
            nodes_deleted: 4
         fragmented_bytes: 4450
--------------------------------------------------
stream_tcp
                 sessions: 17672
                      max: 17672
                  created: 17672
                 released: 17672
             instantiated: 17672
                   setups: 17672
                 restarts: 5233
         discards_skipped: 120
          invalid_seq_num: 2
                   events: 120
             syn_trackers: 17610
         syn_ack_trackers: 61
            data_trackers: 1
              segs_queued: 475122
            segs_released: 475122
                segs_used: 475090
          rebuilt_packets: 189113
            rebuilt_bytes: 424126855
          client_cleanups: 10031
          server_cleanups: 12259
                     syns: 35220
                 syn_acks: 35336
                   resets: 120
                     fins: 70307
             packets_held: 1
      held_packets_passed: 1
         max_packets_held: 1
        partial_fallbacks: 4290
                 max_segs: 168
                max_bytes: 77216
         asymmetric_flows: 1
--------------------------------------------------
stream_udp
                 sessions: 9011
                      max: 9011
                  created: 9011
                 released: 9011
              total_bytes: 1766702
--------------------------------------------------
telnet
            total_packets: 6
  max_concurrent_sessions: 2
--------------------------------------------------
wizard
                tcp_scans: 148228
                 tcp_hits: 5233
               tcp_misses: 4231
                udp_scans: 5318
                 udp_hits: 10
               udp_misses: 5308
--------------------------------------------------
Appid Statistics
--------------------------------------------------
detected apps and services
              Application: Services   Clients    Users      Payloads   Misc       Referred  
                  unknown: 29902      4880       1          2727       0          0         
--------------------------------------------------
File Statistics
--------------------------------------------------
file stats
                     Type TypeDn     TypeUp     BytesDn    BytesUp   
                   MOV(5) 2          0          0          0         
                   MOV(8) 2          1          0          0         
                MSEXE(21) 5          0          0          0         
                  RTF(23) 10         2          0          0         
                 RIFF(24) 5          6          0          0         
               MSOLE2(27) 40         27         0          0         
                  ZIP(29) 1          1          0          0         
                  RAR(30) 1          1          0          0         
                   BZ(32) 0          1          0          0         
                   GZ(33) 0          3          0          0         
                 TNEF(42) 1          0          0          0         
          BINARY_DATA(43) 3          0          0          0         
                  ELF(46) 0          2          0          0         
                  SWF(54) 3          0          0          0         
                  GIF(62) 0          1          0          0         
                  MP3(64) 1          0          0          0         
                  PNG(69) 4          2          0          0         
                 JPEG(70) 5          1          0          0         
                  JAR(73) 2          0          0          0         
                  DMG(79) 2          0          0          0         
                  ASF(91) 6          1          0          0         
                   WP(95) 0          2          0          0         
                 TIFF(97) 1          0          0          0         
                 TIFF(99) 0          1          0          0         
                 PLS(116) 1          0          0          0         
                SAMI(119) 1          1          0          0         
                 WMF(137) 5          0          0          0         
                PCAP(143) 2          0          0          0         
                 BMP(148) 2          1          0          0         
                 ARJ(158) 1          0          0          0         
                 PDF(283) 1          1          0          0         
                 PDF(285) 2          0          0          0         
                 PDF(287) 2          2          0          0         
                 PDF(288) 1          0          0          0         
                 PDF(289) 2          5          0          0         
                 AIF(346) 1          0          0          0         
                    Total 115        62         0          0         
--------------------------------------------------
Summary Statistics
--------------------------------------------------
timing
                  runtime: 00:00:37
                  seconds: 37.637419
                 pkts/sec: 47843
                Mbits/sec: 206
o")~   Snort exiting
